<?xml version="1.0" encoding="UTF-8"?>
<testng-results ignored="0" total="9" passed="9" failed="0" skipped="0">
  <reporter-output>
  </reporter-output>
  <suite started-at="2023-12-28T18:52:35 IST" name="LoginSuite" finished-at="2023-12-28T18:52:46 IST" duration-ms="11118">
    <groups>
    </groups>
    <test started-at="2023-12-28T18:52:35 IST" name="Test" finished-at="2023-12-28T18:52:46 IST" duration-ms="11118">
      <class name="demo.HomeTest3">
        <test-method signature="LogoutApp()[pri:1, instance:demo.HomeTest3@272113c4]" started-at="2023-12-28T18:52:46 IST" name="LogoutApp" finished-at="2023-12-28T18:52:46 IST" duration-ms="3" status="PASS">
          <reporter-output>
          </reporter-output>
        </test-method> <!-- LogoutApp -->
        <test-method signature="openBrowser()[pri:2, instance:demo.HomeTest3@272113c4]" started-at="2023-12-28T18:52:46 IST" name="openBrowser" finished-at="2023-12-28T18:52:46 IST" duration-ms="0" status="PASS">
          <reporter-output>
          </reporter-output>
        </test-method> <!-- openBrowser -->
        <test-method signature="LogonBrowser()[pri:3, instance:demo.HomeTest3@272113c4]" started-at="2023-12-28T18:52:46 IST" name="LogonBrowser" finished-at="2023-12-28T18:52:46 IST" duration-ms="1" status="PASS">
          <reporter-output>
          </reporter-output>
        </test-method> <!-- LogonBrowser -->
      </class> <!-- demo.HomeTest3 -->
      <class name="demo.LoginTest2">
        <test-method signature="SetUp()[pri:0, instance:demo.LoginTest2@4b0d79fc]" started-at="2023-12-28T18:52:35 IST" name="SetUp" finished-at="2023-12-28T18:52:43 IST" duration-ms="7603" status="PASS">
          <reporter-output>
          </reporter-output>
        </test-method> <!-- SetUp -->
        <test-method signature="LogonApp()[pri:1, instance:demo.LoginTest2@4b0d79fc]" started-at="2023-12-28T18:52:43 IST" name="LogonApp" finished-at="2023-12-28T18:52:46 IST" duration-ms="3197" status="PASS">
          <reporter-output>
          </reporter-output>
        </test-method> <!-- LogonApp -->
        <test-method signature="VerifyTitle()[pri:2, instance:demo.LoginTest2@4b0d79fc]" started-at="2023-12-28T18:52:46 IST" name="VerifyTitle" finished-at="2023-12-28T18:52:46 IST" duration-ms="244" status="PASS">
          <reporter-output>
          </reporter-output>
        </test-method> <!-- VerifyTitle -->
      </class> <!-- demo.LoginTest2 -->
      <class name="demo.LoginTest">
        <test-method signature="LogoutApp()[pri:1, instance:demo.LoginTest@73e9cf30]" started-at="2023-12-28T18:52:46 IST" name="LogoutApp" finished-at="2023-12-28T18:52:46 IST" duration-ms="0" status="PASS">
          <reporter-output>
          </reporter-output>
        </test-method> <!-- LogoutApp -->
        <test-method signature="openBrowser()[pri:2, instance:demo.LoginTest@73e9cf30]" started-at="2023-12-28T18:52:46 IST" name="openBrowser" finished-at="2023-12-28T18:52:46 IST" duration-ms="2" status="PASS">
          <reporter-output>
          </reporter-output>
        </test-method> <!-- openBrowser -->
        <test-method signature="LogonBrowser()[pri:3, instance:demo.LoginTest@73e9cf30]" started-at="2023-12-28T18:52:46 IST" name="LogonBrowser" finished-at="2023-12-28T18:52:46 IST" duration-ms="0" status="PASS">
          <reporter-output>
          </reporter-output>
        </test-method> <!-- LogonBrowser -->
      </class> <!-- demo.LoginTest -->
    </test> <!-- Test -->
  </suite> <!-- LoginSuite -->
</testng-results>
