<?xml version="1.0" encoding="UTF-8"?>
<testsuite xmlns:xsi="http://www.w3.org/2001/XMLSchema-instance" xsi:noNamespaceSchemaLocation="https://maven.apache.org/surefire/maven-surefire-plugin/xsd/surefire-test-report-3.0.xsd" version="3.0" name="TestSuite" time="13.107" tests="9" errors="0" skipped="0" failures="0">
  <properties>
[...]
</properties>
  <testcase name="SetUp" classname="demo.LoginTest2" time="7.611">
    <system-err><![CDATA[SLF4J: No SLF4J providers were found.
SLF4J: Defaulting to no-operation (NOP) logger implementation
SLF4J: See https://www.slf4j.org/codes.html#noProviders for further details.
]]></system-err>
  </testcase>
  <testcase name="LogonApp" classname="demo.LoginTest2" time="3.2">
    <system-err><![CDATA[ERROR StatusLogger Log4j2 could not find a logging implementation. Please add log4j-core to the classpath. Using SimpleLogger to log to the console...
]]></system-err>
  </testcase>
  <testcase name="VerifyTitle" classname="demo.LoginTest2" time="0.244"/>
  <testcase name="LogoutApp" classname="demo.HomeTest3" time="0.003">
    <system-out><![CDATA[Logout application
]]></system-out>
  </testcase>
  <testcase name="openBrowser" classname="demo.HomeTest3" time="0.002">
    <system-out><![CDATA[Open browser
]]></system-out>
  </testcase>
  <testcase name="LogonBrowser" classname="demo.HomeTest3" time="0.006">
    <system-out><![CDATA[Login Application
]]></system-out>
  </testcase>
  <testcase name="LogoutApp" classname="demo.LoginTest" time="0">
    <system-out><![CDATA[Logout application
]]></system-out>
  </testcase>
  <testcase name="openBrowser" classname="demo.LoginTest" time="0.001">
    <system-out><![CDATA[Open browser
]]></system-out>
  </testcase>
  <testcase name="LogonBrowser" classname="demo.LoginTest" time="0.001">
    <system-out><![CDATA[Login Application
]]></system-out>
  </testcase>
</testsuite>