<?xml version="1.0" encoding="UTF-8"?>
<testng-results ignored="0" total="3" passed="3" failed="0" skipped="0">
  <reporter-output>
  </reporter-output>
  <suite started-at="2023-12-22T22:00:45 IST" name="Default suite" finished-at="2023-12-22T22:00:53 IST" duration-ms="8293">
    <groups>
    </groups>
    <test started-at="2023-12-22T22:00:45 IST" name="Default test" finished-at="2023-12-22T22:00:53 IST" duration-ms="8293">
      <class name="demo.LoginTest2">
        <test-method signature="SetUp()[pri:0, instance:demo.LoginTest2@52719fb6]" started-at="2023-12-22T22:00:45 IST" name="SetUp" finished-at="2023-12-22T22:00:51 IST" duration-ms="5922" status="PASS">
          <reporter-output>
          </reporter-output>
        </test-method> <!-- SetUp -->
        <test-method signature="LogonApp()[pri:1, instance:demo.LoginTest2@52719fb6]" started-at="2023-12-22T22:00:51 IST" name="LogonApp" finished-at="2023-12-22T22:00:53 IST" duration-ms="2119" status="PASS">
          <reporter-output>
          </reporter-output>
        </test-method> <!-- LogonApp -->
        <test-method signature="VerifyTitle()[pri:2, instance:demo.LoginTest2@52719fb6]" started-at="2023-12-22T22:00:53 IST" name="VerifyTitle" finished-at="2023-12-22T22:00:53 IST" duration-ms="199" status="PASS">
          <reporter-output>
          </reporter-output>
        </test-method> <!-- VerifyTitle -->
      </class> <!-- demo.LoginTest2 -->
    </test> <!-- Default test -->
  </suite> <!-- Default suite -->
</testng-results>
