<?xml version="1.0" encoding="UTF-8"?>
<!-- Generated by org.testng.reporters.JUnitXMLReporter -->
<testsuite ignored="0" hostname="Rishi" failures="0" tests="9" name="Test" time="8.97" errors="0" timestamp="2023-12-21T21:51:37 IST">
  <testcase classname="demo.LoginTest2" name="SetUp" time="6.207"/>
  <testcase classname="demo.LoginTest2" name="LogonApp" time="1.334"/>
  <testcase classname="demo.LoginTest2" name="VerifyTitle" time="1.335"/>
  <testcase classname="demo.HomeTest3" name="LogoutApp" time="0.004"/>
  <testcase classname="demo.HomeTest3" name="openBrowser" time="0.002"/>
  <testcase classname="demo.HomeTest3" name="LogonBrowser" time="0.002"/>
  <testcase classname="demo.LoginTest" name="LogoutApp" time="0.002"/>
  <testcase classname="demo.LoginTest" name="openBrowser" time="0.003"/>
  <testcase classname="demo.LoginTest" name="LogonBrowser" time="0.002"/>
</testsuite> <!-- Test -->
