<?xml version="1.0" encoding="UTF-8"?>
<!-- Generated by org.testng.reporters.JUnitXMLReporter -->
<testsuite ignored="0" hostname="Rishi" failures="0" tests="9" name="Test" time="11.118" errors="0" timestamp="2023-12-28T18:52:46 IST">
  <testcase classname="demo.LoginTest2" name="SetUp" time="7.603"/>
  <testcase classname="demo.LoginTest2" name="LogonApp" time="3.197"/>
  <testcase classname="demo.LoginTest2" name="VerifyTitle" time="0.244"/>
  <testcase classname="demo.HomeTest3" name="LogoutApp" time="0.003"/>
  <testcase classname="demo.HomeTest3" name="openBrowser" time="0.0"/>
  <testcase classname="demo.HomeTest3" name="LogonBrowser" time="0.001"/>
  <testcase classname="demo.LoginTest" name="LogoutApp" time="0.0"/>
  <testcase classname="demo.LoginTest" name="openBrowser" time="0.002"/>
  <testcase classname="demo.LoginTest" name="LogonBrowser" time="0.0"/>
</testsuite> <!-- Test -->
